<?xml version="1.0" encoding="UTF-8"?>
<testsuite name="com.kgisl.junit.studentInfo.TagsTest" time="11.111" tests="3" errors="0" skipped="0" failures="0">
  <properties>
[...]
</properties>
  <testcase name="invalidMethod" classname="com.kgisl.junit.studentInfo.TagsTest" time="4.423"/>
  <testcase name="incorrectResource" classname="com.kgisl.junit.studentInfo.TagsTest" time="3.172"/>
  <testcase name="verifyIfStatusCodeIs200" classname="com.kgisl.junit.studentInfo.TagsTest" time="3.516"/>
</testsuite>